1632852944515	geckodriver	INFO	Listening on 127.0.0.1:56393
1632852945593	mozrunner::runner	INFO	Running command: "/Applications/Firefox.app/Contents/MacOS/firefox-bin" "--marionette" "-headless" "-foreground" "-no-remote" "-profile" "/var/folders/12/p6lk9bw505bddl2kkmjdp52m0000gn/T/rust_mozprofileuioBod"
*** You are running in headless mode.
console.error: SearchCache: "_readCacheFile: Error reading cache file:" (new Error("", "(unknown module)"))
1632852949047	Marionette	INFO	Listening on port 56400
1632852949115	Marionette	WARN	TLS certificate errors will be ignored for this session
1632853080517	geckodriver	INFO	Listening on 127.0.0.1:56456
1632853081538	mozrunner::runner	INFO	Running command: "/Applications/Firefox.app/Contents/MacOS/firefox-bin" "--marionette" "-headless" "-foreground" "-no-remote" "-profile" "/var/folders/12/p6lk9bw505bddl2kkmjdp52m0000gn/T/rust_mozprofilepqmleU"
*** You are running in headless mode.
console.error: SearchCache: "_readCacheFile: Error reading cache file:" (new Error("", "(unknown module)"))
1632853083602	Marionette	INFO	Listening on port 56463
1632853083705	Marionette	WARN	TLS certificate errors will be ignored for this session
1632853146166	geckodriver	INFO	Listening on 127.0.0.1:56557
1632853147187	mozrunner::runner	INFO	Running command: "/Applications/Firefox.app/Contents/MacOS/firefox-bin" "--marionette" "-headless" "-foreground" "-no-remote" "-profile" "/var/folders/12/p6lk9bw505bddl2kkmjdp52m0000gn/T/rust_mozprofile4Mbfl9"
*** You are running in headless mode.
console.error: SearchCache: "_readCacheFile: Error reading cache file:" (new Error("", "(unknown module)"))
1632853150434	Marionette	INFO	Listening on port 56564
1632853150508	Marionette	WARN	TLS certificate errors will be ignored for this session
JavaScript error: , line 0: uncaught exception: Object
JavaScript error: , line 0: uncaught exception: Object
JavaScript error: , line 0: uncaught exception: Object
console.error: services.settings: 
  Message: AbortError: IndexedDB: security-state/cert-revocations getLastModified() IndexedDB:  execute() A request was aborted, for example through a call to IDBTransaction.abort.
console.error: services.settings: 
  Message: AbortError: IndexedDB: main/normandy-recipes-capabilities getLastModified() IndexedDB:  execute() A request was aborted, for example through a call to IDBTransaction.abort.
console.error: services.settings: 
  Message: AbortError: IndexedDB: blocklists/addons-bloomfilters getLastModified() IndexedDB:  execute() A request was aborted, for example through a call to IDBTransaction.abort.
1633328955857	addons.xpi	ERROR	System addon update list error Error: Failed downloading XML, status: 0, reason: timeout
console.error: services.settings: 
  Message: AbortError: IndexedDB: security-state/cert-revocations getLastModified() IndexedDB:  execute() A request was aborted, for example through a call to IDBTransaction.abort.
console.error: services.settings: 
  Message: AbortError: IndexedDB: main/normandy-recipes-capabilities getLastModified() IndexedDB:  execute() A request was aborted, for example through a call to IDBTransaction.abort.
console.error: services.settings: 
  Message: AbortError: IndexedDB: blocklists/addons-bloomfilters getLastModified() IndexedDB:  execute() A request was aborted, for example through a call to IDBTransaction.abort.
console.error: services.settings: 
  Message: AbortError: IndexedDB: security-state/cert-revocations getLastModified() IndexedDB:  execute() A request was aborted, for example through a call to IDBTransaction.abort.
console.error: services.settings: 
  Message: AbortError: IndexedDB: security-state/cert-revocations getLastModified() IndexedDB:  execute() A request was aborted, for example through a call to IDBTransaction.abort.
console.error: services.settings: 
  Message: AbortError: IndexedDB: security-state/cert-revocations getLastModified() IndexedDB:  execute() A request was aborted, for example through a call to IDBTransaction.abort.
console.error: services.settings: 
  Message: [Exception... "Component returned failure code: 0x804b000a (NS_ERROR_MALFORMED_URI) [nsIPartitioningExceptionListObserver.onExceptionListUpdate]"  nsresult: "0x804b000a (NS_ERROR_MALFORMED_URI)"  location: "JS frame :: resource://gre/modules/PartitioningExceptionListService.jsm :: notifyObservers :: line 69"  data: no]
  Stack:
    notifyObservers@resource://gre/modules/PartitioningExceptionListService.jsm:69:13
onUpdateEntries@resource://gre/modules/PartitioningExceptionListService.jsm:124:18
lazyInit/<@resource://gre/modules/PartitioningExceptionListService.jsm:97:12
emit@resource://services-settings/RemoteSettingsClient.jsm:92:15
maybeSync@resource://services-settings/RemoteSettingsClient.jsm:672:22

console.error: services.settings: 
  Message: AbortError: IndexedDB: security-state/cert-revocations getLastModified() IndexedDB:  execute() A request was aborted, for example through a call to IDBTransaction.abort.
console.error: services.settings: 
  Message: AbortError: IndexedDB: security-state/intermediates getLastModified() IndexedDB:  execute() A request was aborted, for example through a call to IDBTransaction.abort.
console.error: services.settings: 
  Message: AbortError: IndexedDB: security-state/cert-revocations getLastModified() IndexedDB:  execute() A request was aborted, for example through a call to IDBTransaction.abort.
JavaScript error: , line 0: uncaught exception: Object
JavaScript error: , line 0: uncaught exception: Object
JavaScript error: , line 0: uncaught exception: Object
console.error: services.settings: 
  Message: AbortError: IndexedDB: security-state/intermediates getLastModified() IndexedDB:  execute() A request was aborted, for example through a call to IDBTransaction.abort.
console.error: services.settings: 
  Message: AbortError: IndexedDB: security-state/cert-revocations getLastModified() IndexedDB:  execute() A request was aborted, for example through a call to IDBTransaction.abort.
console.error: services.settings: 
  Message: AbortError: IndexedDB: security-state/cert-revocations getLastModified() IndexedDB:  execute() A request was aborted, for example through a call to IDBTransaction.abort.
console.error: services.settings: 
  Message: AbortError: IndexedDB: security-state/intermediates getLastModified() IndexedDB:  execute() A request was aborted, for example through a call to IDBTransaction.abort.
console.error: services.settings: 
  Message: AbortError: IndexedDB: main/normandy-recipes-capabilities getLastModified() IndexedDB:  execute() A request was aborted, for example through a call to IDBTransaction.abort.
console.error: services.settings: 
  Message: AbortError: IndexedDB: security-state/cert-revocations getLastModified() IndexedDB:  execute() A request was aborted, for example through a call to IDBTransaction.abort.
console.error: services.settings: 
  Message: AbortError: IndexedDB: security-state/intermediates getLastModified() IndexedDB:  execute() A request was aborted, for example through a call to IDBTransaction.abort.
console.error: services.settings: 
  Message: AbortError: IndexedDB: main/normandy-recipes-capabilities getLastModified() IndexedDB:  execute() A request was aborted, for example through a call to IDBTransaction.abort.
